<?xml version="1.0" encoding="UTF-8"?>
<!-- Generated by org.testng.reporters.JUnitReportReporter -->
<testsuite hostname="Johns-MBP-2.hsd1.wa.comcast.net" failures="0" tests="1" name="com.uitest.NewTest" time="9.965" errors="0" timestamp="2021-08-19T06:47:20 PDT" skipped="0">
  <testcase classname="com.uitest.NewTest" name="f" time="9.965"/>
  <system-out/>
</testsuite> <!-- com.uitest.NewTest -->
